<?xml version="1.0" encoding="UTF-8"?>
<testsuite xmlns:xsi="http://www.w3.org/2001/XMLSchema-instance" xsi:noNamespaceSchemaLocation="https://maven.apache.org/surefire/maven-surefire-plugin/xsd/surefire-test-report.xsd" name="TestSuite" time="1.351" tests="42" errors="0" skipped="36" failures="6">
  <properties>
    <property name="awt.toolkit" value="sun.awt.X11.XToolkit"/>
    <property name="file.encoding.pkg" value="sun.io"/>
    <property name="java.specification.version" value="1.8"/>
    <property name="sun.cpu.isalist" value=""/>
    <property name="sun.jnu.encoding" value="UTF-8"/>
    <property name="java.class.path" value="/home/thathakalyanifi/Downloads/ecommerce_selenium/target/test-classes:/home/thathakalyanifi/Downloads/ecommerce_selenium/target/classes:/home/thathakalyanifi/.m2/repository/org/seleniumhq/selenium/selenium-java/3.141.59/selenium-java-3.141.59.jar:/home/thathakalyanifi/.m2/repository/org/seleniumhq/selenium/selenium-api/3.141.59/selenium-api-3.141.59.jar:/home/thathakalyanifi/.m2/repository/org/seleniumhq/selenium/selenium-chrome-driver/3.141.59/selenium-chrome-driver-3.141.59.jar:/home/thathakalyanifi/.m2/repository/org/seleniumhq/selenium/selenium-edge-driver/3.141.59/selenium-edge-driver-3.141.59.jar:/home/thathakalyanifi/.m2/repository/org/seleniumhq/selenium/selenium-firefox-driver/3.141.59/selenium-firefox-driver-3.141.59.jar:/home/thathakalyanifi/.m2/repository/org/seleniumhq/selenium/selenium-ie-driver/3.141.59/selenium-ie-driver-3.141.59.jar:/home/thathakalyanifi/.m2/repository/org/seleniumhq/selenium/selenium-opera-driver/3.141.59/selenium-opera-driver-3.141.59.jar:/home/thathakalyanifi/.m2/repository/org/seleniumhq/selenium/selenium-remote-driver/3.141.59/selenium-remote-driver-3.141.59.jar:/home/thathakalyanifi/.m2/repository/org/seleniumhq/selenium/selenium-safari-driver/3.141.59/selenium-safari-driver-3.141.59.jar:/home/thathakalyanifi/.m2/repository/org/seleniumhq/selenium/selenium-support/3.141.59/selenium-support-3.141.59.jar:/home/thathakalyanifi/.m2/repository/net/bytebuddy/byte-buddy/1.8.15/byte-buddy-1.8.15.jar:/home/thathakalyanifi/.m2/repository/org/apache/commons/commons-exec/1.3/commons-exec-1.3.jar:/home/thathakalyanifi/.m2/repository/com/google/guava/guava/25.0-jre/guava-25.0-jre.jar:/home/thathakalyanifi/.m2/repository/com/google/code/findbugs/jsr305/1.3.9/jsr305-1.3.9.jar:/home/thathakalyanifi/.m2/repository/org/checkerframework/checker-compat-qual/2.0.0/checker-compat-qual-2.0.0.jar:/home/thathakalyanifi/.m2/repository/com/google/errorprone/error_prone_annotations/2.1.3/error_prone_annotations-2.1.3.jar:/home/thathakalyanifi/.m2/repository/com/google/j2objc/j2objc-annotations/1.1/j2objc-annotations-1.1.jar:/home/thathakalyanifi/.m2/repository/org/codehaus/mojo/animal-sniffer-annotations/1.14/animal-sniffer-annotations-1.14.jar:/home/thathakalyanifi/.m2/repository/com/squareup/okhttp3/okhttp/3.11.0/okhttp-3.11.0.jar:/home/thathakalyanifi/.m2/repository/com/squareup/okio/okio/1.14.0/okio-1.14.0.jar:/home/thathakalyanifi/.m2/repository/org/testng/testng/6.14.3/testng-6.14.3.jar:/home/thathakalyanifi/.m2/repository/com/beust/jcommander/1.72/jcommander-1.72.jar:/home/thathakalyanifi/.m2/repository/org/apache-extras/beanshell/bsh/2.0b6/bsh-2.0b6.jar:/home/thathakalyanifi/.m2/repository/org/apache/poi/poi/4.1.1/poi-4.1.1.jar:/home/thathakalyanifi/.m2/repository/commons-codec/commons-codec/1.13/commons-codec-1.13.jar:/home/thathakalyanifi/.m2/repository/org/apache/commons/commons-collections4/4.4/commons-collections4-4.4.jar:/home/thathakalyanifi/.m2/repository/org/apache/commons/commons-math3/3.6.1/commons-math3-3.6.1.jar:/home/thathakalyanifi/.m2/repository/org/apache/poi/poi-ooxml/4.1.1/poi-ooxml-4.1.1.jar:/home/thathakalyanifi/.m2/repository/org/apache/commons/commons-compress/1.19/commons-compress-1.19.jar:/home/thathakalyanifi/.m2/repository/com/github/virtuald/curvesapi/1.06/curvesapi-1.06.jar:/home/thathakalyanifi/.m2/repository/commons-io/commons-io/2.6/commons-io-2.6.jar:/home/thathakalyanifi/.m2/repository/org/apache/poi/poi-ooxml-schemas/4.1.1/poi-ooxml-schemas-4.1.1.jar:/home/thathakalyanifi/.m2/repository/org/apache/xmlbeans/xmlbeans/3.1.0/xmlbeans-3.1.0.jar:/home/thathakalyanifi/.m2/repository/org/apache/poi/poi-scratchpad/4.1.1/poi-scratchpad-4.1.1.jar:/home/thathakalyanifi/.m2/repository/org/apache/poi/openxml4j/1.0-beta/openxml4j-1.0-beta.jar:/home/thathakalyanifi/.m2/repository/dom4j/dom4j/1.6.1/dom4j-1.6.1.jar:/home/thathakalyanifi/.m2/repository/xml-apis/xml-apis/1.0.b2/xml-apis-1.0.b2.jar:/home/thathakalyanifi/.m2/repository/log4j/log4j/1.2.8/log4j-1.2.8.jar:/home/thathakalyanifi/.m2/repository/com/aventstack/extentreports/4.1.1/extentreports-4.1.1.jar:/home/thathakalyanifi/.m2/repository/org/freemarker/freemarker/2.3.29/freemarker-2.3.29.jar:/home/thathakalyanifi/.m2/repository/org/apache/httpcomponents/httpclient/4.5.2/httpclient-4.5.2.jar:/home/thathakalyanifi/.m2/repository/org/apache/httpcomponents/httpcore/4.4.4/httpcore-4.4.4.jar:/home/thathakalyanifi/.m2/repository/commons-logging/commons-logging/1.2/commons-logging-1.2.jar:/home/thathakalyanifi/.m2/repository/org/apache/httpcomponents/httpmime/4.5.2/httpmime-4.5.2.jar:/home/thathakalyanifi/.m2/repository/com/google/code/gson/gson/2.8.6/gson-2.8.6.jar:/home/thathakalyanifi/.m2/repository/org/mongodb/mongodb-driver/3.12.0/mongodb-driver-3.12.0.jar:/home/thathakalyanifi/.m2/repository/org/mongodb/mongodb-driver-core/3.12.0/mongodb-driver-core-3.12.0.jar:/home/thathakalyanifi/.m2/repository/org/mongodb/bson/3.12.0/bson-3.12.0.jar:/home/thathakalyanifi/.m2/repository/org/apache/maven/surefire/surefire-testng-utils/2.21.0/surefire-testng-utils-2.21.0.jar:/home/thathakalyanifi/.m2/repository/org/apache/maven/surefire/surefire-grouper/2.21.0/surefire-grouper-2.21.0.jar:"/>
    <property name="java.vm.vendor" value="Private Build"/>
    <property name="sun.arch.data.model" value="64"/>
    <property name="java.vendor.url" value="http://java.oracle.com/"/>
    <property name="user.timezone" value=""/>
    <property name="java.vm.specification.version" value="1.8"/>
    <property name="os.name" value="Linux"/>
    <property name="user.country" value="US"/>
    <property name="sun.java.launcher" value="SUN_STANDARD"/>
    <property name="sun.boot.library.path" value="/usr/lib/jvm/java-8-openjdk-amd64/jre/lib/amd64"/>
    <property name="sun.java.command" value="/home/thathakalyanifi/Downloads/ecommerce_selenium/target/surefire/surefirebooter5818257675799985184.jar /home/thathakalyanifi/Downloads/ecommerce_selenium/target/surefire 2021-10-25T14-59-06_146-jvmRun1 surefire1808033026592957556tmp surefire_04352021799130017185tmp"/>
    <property name="surefire.test.class.path" value="/home/thathakalyanifi/Downloads/ecommerce_selenium/target/test-classes:/home/thathakalyanifi/Downloads/ecommerce_selenium/target/classes:/home/thathakalyanifi/.m2/repository/org/seleniumhq/selenium/selenium-java/3.141.59/selenium-java-3.141.59.jar:/home/thathakalyanifi/.m2/repository/org/seleniumhq/selenium/selenium-api/3.141.59/selenium-api-3.141.59.jar:/home/thathakalyanifi/.m2/repository/org/seleniumhq/selenium/selenium-chrome-driver/3.141.59/selenium-chrome-driver-3.141.59.jar:/home/thathakalyanifi/.m2/repository/org/seleniumhq/selenium/selenium-edge-driver/3.141.59/selenium-edge-driver-3.141.59.jar:/home/thathakalyanifi/.m2/repository/org/seleniumhq/selenium/selenium-firefox-driver/3.141.59/selenium-firefox-driver-3.141.59.jar:/home/thathakalyanifi/.m2/repository/org/seleniumhq/selenium/selenium-ie-driver/3.141.59/selenium-ie-driver-3.141.59.jar:/home/thathakalyanifi/.m2/repository/org/seleniumhq/selenium/selenium-opera-driver/3.141.59/selenium-opera-driver-3.141.59.jar:/home/thathakalyanifi/.m2/repository/org/seleniumhq/selenium/selenium-remote-driver/3.141.59/selenium-remote-driver-3.141.59.jar:/home/thathakalyanifi/.m2/repository/org/seleniumhq/selenium/selenium-safari-driver/3.141.59/selenium-safari-driver-3.141.59.jar:/home/thathakalyanifi/.m2/repository/org/seleniumhq/selenium/selenium-support/3.141.59/selenium-support-3.141.59.jar:/home/thathakalyanifi/.m2/repository/net/bytebuddy/byte-buddy/1.8.15/byte-buddy-1.8.15.jar:/home/thathakalyanifi/.m2/repository/org/apache/commons/commons-exec/1.3/commons-exec-1.3.jar:/home/thathakalyanifi/.m2/repository/com/google/guava/guava/25.0-jre/guava-25.0-jre.jar:/home/thathakalyanifi/.m2/repository/com/google/code/findbugs/jsr305/1.3.9/jsr305-1.3.9.jar:/home/thathakalyanifi/.m2/repository/org/checkerframework/checker-compat-qual/2.0.0/checker-compat-qual-2.0.0.jar:/home/thathakalyanifi/.m2/repository/com/google/errorprone/error_prone_annotations/2.1.3/error_prone_annotations-2.1.3.jar:/home/thathakalyanifi/.m2/repository/com/google/j2objc/j2objc-annotations/1.1/j2objc-annotations-1.1.jar:/home/thathakalyanifi/.m2/repository/org/codehaus/mojo/animal-sniffer-annotations/1.14/animal-sniffer-annotations-1.14.jar:/home/thathakalyanifi/.m2/repository/com/squareup/okhttp3/okhttp/3.11.0/okhttp-3.11.0.jar:/home/thathakalyanifi/.m2/repository/com/squareup/okio/okio/1.14.0/okio-1.14.0.jar:/home/thathakalyanifi/.m2/repository/org/testng/testng/6.14.3/testng-6.14.3.jar:/home/thathakalyanifi/.m2/repository/com/beust/jcommander/1.72/jcommander-1.72.jar:/home/thathakalyanifi/.m2/repository/org/apache-extras/beanshell/bsh/2.0b6/bsh-2.0b6.jar:/home/thathakalyanifi/.m2/repository/org/apache/poi/poi/4.1.1/poi-4.1.1.jar:/home/thathakalyanifi/.m2/repository/commons-codec/commons-codec/1.13/commons-codec-1.13.jar:/home/thathakalyanifi/.m2/repository/org/apache/commons/commons-collections4/4.4/commons-collections4-4.4.jar:/home/thathakalyanifi/.m2/repository/org/apache/commons/commons-math3/3.6.1/commons-math3-3.6.1.jar:/home/thathakalyanifi/.m2/repository/org/apache/poi/poi-ooxml/4.1.1/poi-ooxml-4.1.1.jar:/home/thathakalyanifi/.m2/repository/org/apache/commons/commons-compress/1.19/commons-compress-1.19.jar:/home/thathakalyanifi/.m2/repository/com/github/virtuald/curvesapi/1.06/curvesapi-1.06.jar:/home/thathakalyanifi/.m2/repository/commons-io/commons-io/2.6/commons-io-2.6.jar:/home/thathakalyanifi/.m2/repository/org/apache/poi/poi-ooxml-schemas/4.1.1/poi-ooxml-schemas-4.1.1.jar:/home/thathakalyanifi/.m2/repository/org/apache/xmlbeans/xmlbeans/3.1.0/xmlbeans-3.1.0.jar:/home/thathakalyanifi/.m2/repository/org/apache/poi/poi-scratchpad/4.1.1/poi-scratchpad-4.1.1.jar:/home/thathakalyanifi/.m2/repository/org/apache/poi/openxml4j/1.0-beta/openxml4j-1.0-beta.jar:/home/thathakalyanifi/.m2/repository/dom4j/dom4j/1.6.1/dom4j-1.6.1.jar:/home/thathakalyanifi/.m2/repository/xml-apis/xml-apis/1.0.b2/xml-apis-1.0.b2.jar:/home/thathakalyanifi/.m2/repository/log4j/log4j/1.2.8/log4j-1.2.8.jar:/home/thathakalyanifi/.m2/repository/com/aventstack/extentreports/4.1.1/extentreports-4.1.1.jar:/home/thathakalyanifi/.m2/repository/org/freemarker/freemarker/2.3.29/freemarker-2.3.29.jar:/home/thathakalyanifi/.m2/repository/org/apache/httpcomponents/httpclient/4.5.2/httpclient-4.5.2.jar:/home/thathakalyanifi/.m2/repository/org/apache/httpcomponents/httpcore/4.4.4/httpcore-4.4.4.jar:/home/thathakalyanifi/.m2/repository/commons-logging/commons-logging/1.2/commons-logging-1.2.jar:/home/thathakalyanifi/.m2/repository/org/apache/httpcomponents/httpmime/4.5.2/httpmime-4.5.2.jar:/home/thathakalyanifi/.m2/repository/com/google/code/gson/gson/2.8.6/gson-2.8.6.jar:/home/thathakalyanifi/.m2/repository/org/mongodb/mongodb-driver/3.12.0/mongodb-driver-3.12.0.jar:/home/thathakalyanifi/.m2/repository/org/mongodb/mongodb-driver-core/3.12.0/mongodb-driver-core-3.12.0.jar:/home/thathakalyanifi/.m2/repository/org/mongodb/bson/3.12.0/bson-3.12.0.jar:/home/thathakalyanifi/.m2/repository/org/apache/maven/surefire/surefire-testng-utils/2.21.0/surefire-testng-utils-2.21.0.jar:/home/thathakalyanifi/.m2/repository/org/apache/maven/surefire/surefire-grouper/2.21.0/surefire-grouper-2.21.0.jar:"/>
    <property name="sun.cpu.endian" value="little"/>
    <property name="user.home" value="/home/thathakalyanifi"/>
    <property name="user.language" value="en"/>
    <property name="java.specification.vendor" value="Oracle Corporation"/>
    <property name="java.home" value="/usr/lib/jvm/java-8-openjdk-amd64/jre"/>
    <property name="basedir" value="/home/thathakalyanifi/Downloads/ecommerce_selenium"/>
    <property name="file.separator" value="/"/>
    <property name="line.separator" value="&#10;"/>
    <property name="java.vm.specification.vendor" value="Oracle Corporation"/>
    <property name="java.specification.name" value="Java Platform API Specification"/>
    <property name="java.awt.graphicsenv" value="sun.awt.X11GraphicsEnvironment"/>
    <property name="surefire.real.class.path" value="/home/thathakalyanifi/Downloads/ecommerce_selenium/target/surefire/surefirebooter5818257675799985184.jar"/>
    <property name="sun.boot.class.path" value="/usr/lib/jvm/java-8-openjdk-amd64/jre/lib/resources.jar:/usr/lib/jvm/java-8-openjdk-amd64/jre/lib/rt.jar:/usr/lib/jvm/java-8-openjdk-amd64/jre/lib/sunrsasign.jar:/usr/lib/jvm/java-8-openjdk-amd64/jre/lib/jsse.jar:/usr/lib/jvm/java-8-openjdk-amd64/jre/lib/jce.jar:/usr/lib/jvm/java-8-openjdk-amd64/jre/lib/charsets.jar:/usr/lib/jvm/java-8-openjdk-amd64/jre/lib/jfr.jar:/usr/lib/jvm/java-8-openjdk-amd64/jre/classes"/>
    <property name="sun.management.compiler" value="HotSpot 64-Bit Tiered Compilers"/>
    <property name="java.runtime.version" value="1.8.0_252-8u252-b09-1~16.04-b09"/>
    <property name="user.name" value="thathakalyanifi"/>
    <property name="path.separator" value=":"/>
    <property name="os.version" value="4.4.0-1111-aws"/>
    <property name="java.endorsed.dirs" value="/usr/lib/jvm/java-8-openjdk-amd64/jre/lib/endorsed"/>
    <property name="java.runtime.name" value="OpenJDK Runtime Environment"/>
    <property name="file.encoding" value="UTF-8"/>
    <property name="java.vm.name" value="OpenJDK 64-Bit Server VM"/>
    <property name="localRepository" value="/home/thathakalyanifi/.m2/repository"/>
    <property name="java.vendor.url.bug" value="http://bugreport.sun.com/bugreport/"/>
    <property name="java.io.tmpdir" value="/tmp"/>
    <property name="java.version" value="1.8.0_252"/>
    <property name="user.dir" value="/home/thathakalyanifi/Downloads/ecommerce_selenium"/>
    <property name="os.arch" value="amd64"/>
    <property name="java.vm.specification.name" value="Java Virtual Machine Specification"/>
    <property name="java.awt.printerjob" value="sun.print.PSPrinterJob"/>
    <property name="sun.os.patch.level" value="unknown"/>
    <property name="java.library.path" value="/usr/java/packages/lib/amd64:/usr/lib/x86_64-linux-gnu/jni:/lib/x86_64-linux-gnu:/usr/lib/x86_64-linux-gnu:/usr/lib/jni:/lib:/usr/lib"/>
    <property name="java.vm.info" value="mixed mode"/>
    <property name="java.vendor" value="Private Build"/>
    <property name="java.vm.version" value="25.252-b09"/>
    <property name="java.ext.dirs" value="/usr/lib/jvm/java-8-openjdk-amd64/jre/lib/ext:/usr/java/packages/lib/ext"/>
    <property name="sun.io.unicode.encoding" value="UnicodeLittle"/>
    <property name="java.class.version" value="52.0"/>
  </properties>
  <testcase name="beforeMethod" classname="com.store.testCases.LoginLogOffTest" time="0.437">
    <failure message="The driver is not executable: /home/thathakalyanifi/Downloads/ecommerce_selenium/./drivers/chromedriver.exe" type="java.lang.IllegalStateException">java.lang.IllegalStateException: The driver is not executable: /home/thathakalyanifi/Downloads/ecommerce_selenium/./drivers/chromedriver.exe
</failure>
  </testcase>
  <testcase name="beforeMethod" classname="com.store.testCases.LoginLogOffTest" time="0">
    <skipped/>
  </testcase>
  <testcase name="beforeMethod" classname="com.store.testCases.LoginLogOffTest" time="0">
    <skipped/>
  </testcase>
  <testcase name="invalidLoginTest" classname="com.store.testCases.LoginLogOffTest" time="0">
    <skipped message="The driver is not executable: /home/thathakalyanifi/Downloads/ecommerce_selenium/./drivers/chromedriver.exe"/>
  </testcase>
  <testcase name="afterMethod" classname="com.store.testCases.LoginLogOffTest" time="0">
    <skipped/>
  </testcase>
  <testcase name="afterMethod" classname="com.store.testCases.LoginLogOffTest" time="0">
    <skipped/>
  </testcase>
  <testcase name="afterMethod" classname="com.store.testCases.LoginLogOffTest" time="0">
    <skipped/>
  </testcase>
  <testcase name="logOffTest" classname="com.store.testCases.LoginLogOffTest" time="0">
    <skipped message="The driver is not executable: /home/thathakalyanifi/Downloads/ecommerce_selenium/./drivers/chromedriver.exe"/>
  </testcase>
  <testcase name="validLoginTest" classname="com.store.testCases.LoginLogOffTest" time="0">
    <skipped message="The driver is not executable: /home/thathakalyanifi/Downloads/ecommerce_selenium/./drivers/chromedriver.exe"/>
  </testcase>
  <testcase name="beforeMethod" classname="com.store.testCases.PlaceOrderTest" time="0.443">
    <failure message="The driver is not executable: /home/thathakalyanifi/Downloads/ecommerce_selenium/./drivers/chromedriver.exe" type="java.lang.IllegalStateException">java.lang.IllegalStateException: The driver is not executable: /home/thathakalyanifi/Downloads/ecommerce_selenium/./drivers/chromedriver.exe
</failure>
  </testcase>
  <testcase name="placeOrder" classname="com.store.testCases.PlaceOrderTest" time="0">
    <skipped message="The driver is not executable: /home/thathakalyanifi/Downloads/ecommerce_selenium/./drivers/chromedriver.exe"/>
  </testcase>
  <testcase name="afterMethod" classname="com.store.testCases.PlaceOrderTest" time="0">
    <skipped/>
  </testcase>
  <testcase name="beforeMethod" classname="com.store.testCases.ReviewTest" time="0.445">
    <failure message="The driver is not executable: /home/thathakalyanifi/Downloads/ecommerce_selenium/./drivers/chromedriver.exe" type="java.lang.IllegalStateException">java.lang.IllegalStateException: The driver is not executable: /home/thathakalyanifi/Downloads/ecommerce_selenium/./drivers/chromedriver.exe
</failure>
  </testcase>
  <testcase name="writeReviewTest" classname="com.store.testCases.ReviewTest" time="0">
    <skipped message="The driver is not executable: /home/thathakalyanifi/Downloads/ecommerce_selenium/./drivers/chromedriver.exe"/>
  </testcase>
  <testcase name="afterMethod" classname="com.store.testCases.ReviewTest" time="0">
    <skipped/>
  </testcase>
  <testcase name="beforeMethod" classname="com.store.testCases.ShareProductTests" time="0.447">
    <failure message="The driver is not executable: /home/thathakalyanifi/Downloads/ecommerce_selenium/./drivers/chromedriver.exe" type="java.lang.IllegalStateException">java.lang.IllegalStateException: The driver is not executable: /home/thathakalyanifi/Downloads/ecommerce_selenium/./drivers/chromedriver.exe
</failure>
  </testcase>
  <testcase name="shareProductTest" classname="com.store.testCases.ShareProductTests" time="0">
    <skipped message="The driver is not executable: /home/thathakalyanifi/Downloads/ecommerce_selenium/./drivers/chromedriver.exe"/>
  </testcase>
  <testcase name="afterMethod" classname="com.store.testCases.ShareProductTests" time="0">
    <skipped/>
  </testcase>
  <testcase name="beforeMethod" classname="com.store.testCases.SearchTests" time="0.918">
    <failure message="The driver is not executable: /home/thathakalyanifi/Downloads/ecommerce_selenium/./drivers/chromedriver.exe" type="java.lang.IllegalStateException">java.lang.IllegalStateException: The driver is not executable: /home/thathakalyanifi/Downloads/ecommerce_selenium/./drivers/chromedriver.exe
</failure>
  </testcase>
  <testcase name="beforeMethod" classname="com.store.testCases.SearchTests" time="0">
    <skipped/>
  </testcase>
  <testcase name="beforeMethod" classname="com.store.testCases.SearchTests" time="0">
    <skipped/>
  </testcase>
  <testcase name="beforeMethod" classname="com.store.testCases.SearchTests" time="0">
    <skipped/>
  </testcase>
  <testcase name="beforeMethod" classname="com.store.testCases.SearchTests" time="0">
    <skipped/>
  </testcase>
  <testcase name="beforeMethod" classname="com.store.testCases.SearchTests" time="0">
    <skipped/>
  </testcase>
  <testcase name="itemsSearchTest" classname="com.store.testCases.SearchTests" time="0">
    <skipped message="The driver is not executable: /home/thathakalyanifi/Downloads/ecommerce_selenium/./drivers/chromedriver.exe"/>
  </testcase>
  <testcase name="itemsSearchTest" classname="com.store.testCases.SearchTests" time="0">
    <skipped message="The driver is not executable: /home/thathakalyanifi/Downloads/ecommerce_selenium/./drivers/chromedriver.exe"/>
  </testcase>
  <testcase name="itemsSearchTest" classname="com.store.testCases.SearchTests" time="0">
    <skipped message="The driver is not executable: /home/thathakalyanifi/Downloads/ecommerce_selenium/./drivers/chromedriver.exe"/>
  </testcase>
  <testcase name="itemsSearchTest" classname="com.store.testCases.SearchTests" time="0">
    <skipped message="The driver is not executable: /home/thathakalyanifi/Downloads/ecommerce_selenium/./drivers/chromedriver.exe"/>
  </testcase>
  <testcase name="itemsSearchTest" classname="com.store.testCases.SearchTests" time="0">
    <skipped message="The driver is not executable: /home/thathakalyanifi/Downloads/ecommerce_selenium/./drivers/chromedriver.exe"/>
  </testcase>
  <testcase name="afterMethod" classname="com.store.testCases.SearchTests" time="0">
    <skipped/>
  </testcase>
  <testcase name="afterMethod" classname="com.store.testCases.SearchTests" time="0">
    <skipped/>
  </testcase>
  <testcase name="afterMethod" classname="com.store.testCases.SearchTests" time="0">
    <skipped/>
  </testcase>
  <testcase name="afterMethod" classname="com.store.testCases.SearchTests" time="0">
    <skipped/>
  </testcase>
  <testcase name="afterMethod" classname="com.store.testCases.SearchTests" time="0">
    <skipped/>
  </testcase>
  <testcase name="afterMethod" classname="com.store.testCases.SearchTests" time="0">
    <skipped/>
  </testcase>
  <testcase name="manufacturerTest" classname="com.store.testCases.SearchTests" time="0">
    <skipped message="The driver is not executable: /home/thathakalyanifi/Downloads/ecommerce_selenium/./drivers/chromedriver.exe"/>
  </testcase>
  <testcase name="beforeMethod" classname="com.store.testCases.AccountCreationTests" time="1.039">
    <failure message="The driver is not executable: /home/thathakalyanifi/Downloads/ecommerce_selenium/./drivers/chromedriver.exe" type="java.lang.IllegalStateException">java.lang.IllegalStateException: The driver is not executable: /home/thathakalyanifi/Downloads/ecommerce_selenium/./drivers/chromedriver.exe
</failure>
  </testcase>
  <testcase name="beforeMethod" classname="com.store.testCases.AccountCreationTests" time="0">
    <skipped/>
  </testcase>
  <testcase name="createAccountCaseTest" classname="com.store.testCases.AccountCreationTests" time="0">
    <skipped message="The driver is not executable: /home/thathakalyanifi/Downloads/ecommerce_selenium/./drivers/chromedriver.exe"/>
  </testcase>
  <testcase name="afterMethod" classname="com.store.testCases.AccountCreationTests" time="0">
    <skipped/>
  </testcase>
  <testcase name="afterMethod" classname="com.store.testCases.AccountCreationTests" time="0">
    <skipped/>
  </testcase>
  <testcase name="createAccountTest" classname="com.store.testCases.AccountCreationTests" time="0">
    <skipped message="The driver is not executable: /home/thathakalyanifi/Downloads/ecommerce_selenium/./drivers/chromedriver.exe"/>
  </testcase>
</testsuite>